
ROM used:   5370/16384 (33%)
            6069/16384 (37%) including unused fragments

            1.3 Average locations per line
            5.8 Average locations per statement

RAM used:   887/2048 (43%) at main() level
            995/2048 (49%) worst case

Stack used: 8 worst case (3 in main + 5 for interrupts)
Stack size: 16

Lines Stmts  %   Files
----- ----- ---  -----
  130    23   2  main.c
  997     0   0  ..\..\..\..\..\..\..\..\Program Files (x86)\PICC\devices\16F1788.h
   37     0   0  ..\..\..\..\..\..\..\..\Program Files (x86)\PICC\drivers\stdio.h
  423     0   0  ..\..\..\..\..\..\..\..\Program Files (x86)\PICC\drivers\string.h
   32     0   0  ..\..\..\..\..\..\..\..\Program Files (x86)\PICC\drivers\stddef.h
   28     0   0  ..\..\..\..\..\..\..\..\Program Files (x86)\PICC\drivers\ctype.h
 1351   359  39  ..\..\..\..\..\..\..\..\Program Files (x86)\PICC\drivers\stdlib.h
   97     0   0  Globals.h
   45    19   2  Timer_Flags.c
   58    12   1  WS2801_SPI.c
  136    45   5  LED_Array.c
  304   180  20  LED_Patterns.c
   86    42   5  Buttons.c
  333   242  26  RTOS_Functions.c
----- -----
 4057   922 Total

Page ROM  %  RAM   Vol Diff  Functions:
---- --- --- ---   --- ----  ----------
 Inline        13             @MUL3232
0    117   2    4   101  3.8  rand
0     39   1    5             @DIV1616
0     23   0    5             @MUL1616
0     21   0    1             @delay_ms1
0     20   0    1             @delay_us1
0     25   0    3    64  2.7  Timer_Clear_Timer
0     31   1    3   147  3.5  Timer_Clear_All_Timer
0     36   1    1    82  3.1  Timer_Get_Timer
0     37   1    1    98  3.3  Timer_Tic
0      9   0    0             @const982
0     87   2    5             @PSTRINGCN7_57600_118_119
0    237   4   13   685  7.1  send_frame
 Inline        12   362  6.3  addRandom
0     51   1   13   176  4.5  Color
0     97   2    8   569  6.7  Wheel
0     30   1    7   131  3.5  MakeAllColor
0     30   1    3   119  3.4  setup
0     85   2   11   189  4.0  ShiftRight
 Inline         4    42  1.4  MakeAllRed
 Inline         4    42  1.4  MakeAllGreen
 Inline         4    42  1.4  MakeAllBlue
 Inline         4    42  1.4  MakeAllWhite
 Inline         4   264  4.6  All_Rainbow_Fade_200ms
0     13   0    0             @const1037
0    101   2    9             @PRINTF_LU_57600_118_119
 Inline        10   525  6.8  Dot_Rainbow_Fade
0     13   0    0             @const1043
 Inline         4   264  4.6  All_Rainbow_Fade
0     13   0    0             @const1045
 Inline         4    88  2.4  Random_Chain
0    124   2    8   345  6.1  ShiftThreeColorThreeBlank
 Inline         8   345  6.1  ShiftOneColorOneBlank
 Inline         8   345  6.1  ShiftOneColorTwoBlank
0    211   4    7   798  7.4  BMP_Play
0     17   0    0             @const1056
0     21   0    3   104  3.3  Clear_Pattern_Positions
 Inline         2   132  3.8  Next_Pattern
 Inline         0   127  3.8  Previous_Pattern
 Inline         0    86  2.7  Speed_Up_Pattern
0     11   0    0             @const1062
 Inline         0    86  2.7  Slow_Down_Pattern
0     11   0    0             @const1064
0     94   2    5   361  4.2  Blink_Brightness
 Inline         0    50  2.0  Increase_Brightness
 Inline         0    50  2.0  Decrease_Brightness
 Inline         4  1046  3.9  Toggle_Autochange_Pattern
 Inline         1   600  3.1  Power_Button_Function
0     14   0    0             @const1071
0     79   1    4             @PSTRINGC7_57600_118_119
0      9   0    0             @const1073
0      5   0    0             @const1074
 Inline         0    12  0.8  Up_Button_Function
 Inline         0    12  0.8  Down_Button_Function
 Inline         0   102  2.9  Left_Button_Function
 Inline         0   102  2.9  Right_Button_Function
 Inline         0    12  0.8  Center_Button_Function
0     57   1    2   305  6.3  Pattern_Selector
1   1587  30    4  3682  7.3  Update_Pattern
0     13   0    0             @const1080
2    863  16    1  3843  5.4  Button_Checker
2   1110  21    3   671  3.1  MAIN
0      9   0    0             @const1087
0      8   0    0             @const1088
0      9   0    0             @const1089
 Inline         0             @cinit1

Program metrics:
    Functions               43
    Statements              922
    Comments                1025
    Volume (V)              29967
    Difficulty (D)          171.1
    Effort to implement (E) 5126317
    Time to implement (T)   79 hours, 7 minutes
    Est Delivered Bugs (B)  10
    Cyclomatic Complexity   109
    Maintainability (MI)    135

 Segment     Used  Free
-----------  ----  ----
00000-00002     3  0  
00003-007FF  1807  238  
00800-00FFF  1587  461  
01000-017FF  1973  75  
01800-01FFF     0  2048  
02000-027FF     0  2048  
02800-02FFF     0  2048  
03000-037FF     0  2048  
03800-03FFF     0  2048  



