
ROM used:   527/16384 (3%)
            527/16384 (3%) including unused fragments

            0.2 Average locations per line
            1.3 Average locations per statement

RAM used:   42/2048 (2%) at main() level
            72/2048 (4%) worst case

Stack used: 2 worst case (2 in main + 0 for interrupts)
Stack size: 16

Lines Stmts  %   Files
----- ----- ---  -----
  124    17   4  main.c
  997     0   0  ..\..\..\..\..\..\..\..\Program Files (x86)\PICC\devices\16F1788.h
   37     0   0  ..\..\..\..\..\..\..\..\Program Files (x86)\PICC\drivers\stdio.h
  423     0   0  ..\..\..\..\..\..\..\..\Program Files (x86)\PICC\drivers\string.h
   32     0   0  ..\..\..\..\..\..\..\..\Program Files (x86)\PICC\drivers\stddef.h
   28     0   0  ..\..\..\..\..\..\..\..\Program Files (x86)\PICC\drivers\ctype.h
 1351   359  86  ..\..\..\..\..\..\..\..\Program Files (x86)\PICC\drivers\stdlib.h
  127    41  10  WS2801_SPI.h
----- -----
 3119   417 Total

Page ROM  %  RAM   Vol Diff  Functions:
---- --- --- ---   --- ----  ----------
0     21   4    1             @delay_ms1
 Inline         1             @delay_us1
0    148  28   10   405  5.3  send_frame
0     49   9   13   176  4.5  Color
0     74  14    8   569  6.7  Wheel
0     29   6    7   131  3.5  MakeAllColor
0     29   6    3    99  3.3  setup
0    174  33    7   640  5.3  MAIN
 Inline         0             @cinit1

Program metrics:
    Functions               6
    Statements              417
    Comments                871
    Volume (V)              2906
    Difficulty (D)          28.3
    Effort to implement (E) 82330
    Time to implement (T)   1 hours, 16 minutes
    Est Delivered Bugs (B)  1
    Cyclomatic Complexity   7
    Maintainability (MI)    61

 Segment     Used  Free
-----------  ----  ----
00000-00002     3  0  
00003-007FF   524  1521  
00800-00FFF     0  2048  
01000-017FF     0  2048  
01800-01FFF     0  2048  
02000-027FF     0  2048  
02800-02FFF     0  2048  
03000-037FF     0  2048  
03800-03FFF     0  2048  



