
ROM used:   2947/16384 (18%)
            2971/16384 (18%) including unused fragments

            0.8 Average locations per line
            3.7 Average locations per statement

RAM used:   233/2048 (11%) at main() level
            327/2048 (16%) worst case

Stack used: 7 worst case (3 in main + 4 for interrupts)
Stack size: 16

Lines Stmts  %   Files
----- ----- ---  -----
  128    19   2  main.c
  997     0   0  ..\..\..\..\..\..\..\..\Program Files (x86)\PICC\devices\16F1788.h
   37     0   0  ..\..\..\..\..\..\..\..\Program Files (x86)\PICC\drivers\stdio.h
  423     0   0  ..\..\..\..\..\..\..\..\Program Files (x86)\PICC\drivers\string.h
   32     0   0  ..\..\..\..\..\..\..\..\Program Files (x86)\PICC\drivers\stddef.h
   28     0   0  ..\..\..\..\..\..\..\..\Program Files (x86)\PICC\drivers\ctype.h
 1351   359  45  ..\..\..\..\..\..\..\..\Program Files (x86)\PICC\drivers\stdlib.h
   61     0   0  Globals.h
   45    18   2  Timer_Flags.c
   31     9   1  WS2801_SPI.c
  125    42   5  LED_Array.c
  208   132  16  LED_Patterns.c
   66    28   3  Buttons.c
  283   198  25  RTOS_Functions.c
----- -----
 3815   805 Total

Page ROM  %  RAM   Vol Diff  Functions:
---- --- --- ---   --- ----  ----------
 Inline        13             @MUL3232
0    117   4    4   101  3.8  rand
0     39   1    5             @DIV1616
0     23   1    5             @MUL1616
0     21   1    1             @delay_ms1
0     20   1    1             @delay_us1
0     25   1    3    64  2.7  Timer_Clear_Timer
0     31   1    3   147  3.5  Timer_Clear_All_Timer
0     36   1    1    82  3.1  Timer_Get_Timer
0     37   1    1    98  3.3  Timer_Tic
0    136   5   10   413  5.4  send_frame
 Inline        12   362  6.3  addRandom
0     51   2   13   176  4.5  Color
0     84   3    8   569  6.7  Wheel
0     31   1    7   131  3.5  MakeAllColor
0     31   1    3   119  3.4  setup
0     86   3   11   189  4.0  ShiftRight
 Inline         4    42  1.4  MakeAllRed
 Inline         4    42  1.4  MakeAllGreen
 Inline         4    42  1.4  MakeAllBlue
 Inline         4   209  4.5  All_Rainbow_Fade_200ms
 Inline        10   463  6.6  Dot_Rainbow_Fade
 Inline         4   209  4.5  All_Rainbow_Fade
 Inline         4    88  2.4  Random_Chain
0    112   4    8   345  6.1  ShiftThreeColorThreeBlank
 Inline         8   345  6.1  ShiftOneColorOneBlank
 Inline         8   345  6.1  ShiftOneColorTwoBlank
0     18   1    3   104  3.3  Clear_Pattern_Positions
 Inline         2   132  3.8  Next_Pattern
 Inline         0   127  3.8  Previous_Pattern
 Inline         0    53  2.5  Speed_Up_Pattern
 Inline         0    53  2.5  Slow_Down_Pattern
 Inline         4  1046  3.9  Toggle_Autochange_Pattern
 Inline         1   486  3.3  Power_Button_Function
 Inline         0    12  0.8  Up_Button_Function
 Inline         0    12  0.8  Down_Button_Function
 Inline         0    12  0.8  Left_Button_Function
 Inline         0    12  0.8  Right_Button_Function
 Inline         0    12  0.8  Center_Button_Function
0     57   2    2   305  6.3  Pattern_Selector
0   1057  36    4  1848  6.9  Update_Pattern
1    710  24    1  3843  5.4  Button_Checker
1    213   7    3   549  3.2  MAIN
0      9   0    0             @const1030
 Inline         0             @cinit1

Program metrics:
    Functions               38
    Statements              805
    Comments                994
    Volume (V)              22855
    Difficulty (D)          147.1
    Effort to implement (E) 3362440
    Time to implement (T)   51 hours, 53 minutes
    Est Delivered Bugs (B)  7
    Cyclomatic Complexity   84
    Maintainability (MI)    138

 Segment     Used  Free
-----------  ----  ----
00000-00002     3  0  
00003-007FF  2021  24  
00800-00FFF   923  1125  
01000-017FF     0  2048  
01800-01FFF     0  2048  
02000-027FF     0  2048  
02800-02FFF     0  2048  
03000-037FF     0  2048  
03800-03FFF     0  2048  



