
ROM used:   5108/16384 (16%)
            5108/16384 (16%) including unused fragments

            1.3 Average locations per line
            6.5 Average locations per statement

RAM used:   232/1536 (15%) at main() level
            324/1536 (21%) worst case

Stack used: 9 worst case (3 in main + 6 for interrupts)
Stack size: 31

Lines Stmts  %   Files
----- ----- ---  -----
  132    20   3  main.c
  972     0   0  ..\..\..\..\..\..\..\..\Program Files (x86)\PICC\devices\18F25K22.h
   37     0   0  ..\..\..\..\..\..\..\..\Program Files (x86)\PICC\drivers\stdio.h
  423     0   0  ..\..\..\..\..\..\..\..\Program Files (x86)\PICC\drivers\string.h
   32     0   0  ..\..\..\..\..\..\..\..\Program Files (x86)\PICC\drivers\stddef.h
   28     0   0  ..\..\..\..\..\..\..\..\Program Files (x86)\PICC\drivers\ctype.h
 1351   359  46  ..\..\..\..\..\..\..\..\Program Files (x86)\PICC\drivers\stdlib.h
   61     0   0  Globals.h
   45    18   2  Timer_Flags.c
   31     9   1  WS2801_SPI.c
  125    42   5  LED_Array.c
  208   132  17  LED_Patterns.c
   82     5   1  Buttons.c
  283   198  25  RTOS_Functions.c
----- -----
 3810   783 Total

Page ROM  %  RAM   Vol Diff  Functions:
---- --- --- ---   --- ----  ----------
0     92   1   14             @MUL3232
0    112   1    4   101  3.8  rand
0     70   1    5             @DIV1616
0     34   0    5             @MUL1616
0     40   0    1             @delay_ms1
0     38   0    1             @delay_us1
0     46   0    3    64  2.7  Timer_Clear_Timer
0     54   1    3   147  3.5  Timer_Clear_All_Timer
0     56   1    1    82  3.1  Timer_Get_Timer
0     58   1    1    98  3.3  Timer_Tic
0    240   2   10   413  5.4  send_frame
0    236   2   12   362  6.3  addRandom
0     96   1   13   176  4.5  Color
0    150   1    8   569  6.7  Wheel
0     54   1    7   131  3.5  MakeAllColor
0     56   1    3   119  3.4  setup
0    118   1   11   189  4.0  ShiftRight
0     50   0    4    42  1.4  MakeAllRed
0     50   0    4    42  1.4  MakeAllGreen
0     50   0    4    42  1.4  MakeAllBlue
0    128   1    4   209  4.5  All_Rainbow_Fade_200ms
0    288   3   10   463  6.6  Dot_Rainbow_Fade
0    146   1    4   209  4.5  All_Rainbow_Fade
0     84   1    4    88  2.4  Random_Chain
0    212   2    8   345  6.1  ShiftThreeColorThreeBlank
0    192   2    8   345  6.1  ShiftOneColorOneBlank
0    212   2    8   345  6.1  ShiftOneColorTwoBlank
0     40   0    3   104  3.3  Clear_Pattern_Positions
0     60   1    2   132  3.8  Next_Pattern
0     38   0    0   127  3.8  Previous_Pattern
0     26   0    0    53  2.5  Speed_Up_Pattern
0     22   0    0    53  2.5  Slow_Down_Pattern
0    586   6    4  1046  3.9  Toggle_Autochange_Pattern
0      4   0    0     3  0.0  Power_Button_Function
0      6   0    0    12  0.8  Up_Button_Function
0      6   0    0    12  0.8  Down_Button_Function
0      6   0    0    12  0.8  Left_Button_Function
0      6   0    0    12  0.8  Right_Button_Function
0      6   0    0    12  0.8  Center_Button_Function
0     90   1    2   305  6.3  Pattern_Selector
0    544   5    4  1848  6.9  Update_Pattern
0    314   3    1  3843  5.4  Button_Checker
0    364   4    3   529  3.2  MAIN
0     24   0    0             @const1057
 Inline         0             @cinit1

Program metrics:
    Functions               38
    Statements              783
    Comments                1025
    Volume (V)              21834
    Difficulty (D)          144.5
    Effort to implement (E) 3154645
    Time to implement (T)   48 hours, 41 minutes
    Est Delivered Bugs (B)  7
    Cyclomatic Complexity   83
    Maintainability (MI)    138

 Segment     Used  Free
-----------  ----  ----
00000-00002     4  0  
00004-07FFE  5104  27660  



